Sandbox logs:
{
  "sandboxLog": "{\"errorMessage\": \"Unable to import module 'app': No module named 'logger'\", \"errorType\": \"Runtime.ImportModuleError\", \"requestId\": \"7cd76eaa-96b1-4b20-a94d-4356fa86eae5\", \"stackTrace\": []}",
  "lambdaLog": "{\"errorMessage\": \"Unable to import module 'app': No module named 'logger'\", \"errorType\": \"Runtime.ImportModuleError\", \"requestId\": \"7cd76eaa-96b1-4b20-a94d-4356fa86eae5\", \"stackTrace\": []}",
  "timestamp": 0
}
{
  "sandboxLog": "{\"errorMessage\": \"Unable to import module 'app': No module named 'logger'\", \"errorType\": \"Runtime.ImportModuleError\", \"requestId\": \"b73f1ebd-cbc5-4054-b8d3-b5552cad393a\", \"stackTrace\": []}",
  "lambdaLog": "{\"errorMessage\": \"Unable to import module 'app': No module named 'logger'\", \"errorType\": \"Runtime.ImportModuleError\", \"requestId\": \"b73f1ebd-cbc5-4054-b8d3-b5552cad393a\", \"stackTrace\": []}",
  "timestamp": 100
}
{
  "sandboxLog": "{\"errorMessage\": \"Unable to import module 'app': No module named 'logger'\", \"errorType\": \"Runtime.ImportModuleError\", \"requestId\": \"331ae05a-88be-49b1-ab61-2a79740513b3\", \"stackTrace\": []}",
  "lambdaLog": "{\"errorMessage\": \"Unable to import module 'app': No module named 'logger'\", \"errorType\": \"Runtime.ImportModuleError\", \"requestId\": \"331ae05a-88be-49b1-ab61-2a79740513b3\", \"stackTrace\": []}",
  "timestamp": 200
}
{
  "sandboxLog": "{\"errorMessage\": \"Unable to import module 'app': No module named 'logger'\", \"errorType\": \"Runtime.ImportModuleError\", \"requestId\": \"d0284e3d-961e-4105-897c-ef1205ffbecf\", \"stackTrace\": []}",
  "lambdaLog": "{\"errorMessage\": \"Unable to import module 'app': No module named 'logger'\", \"errorType\": \"Runtime.ImportModuleError\", \"requestId\": \"d0284e3d-961e-4105-897c-ef1205ffbecf\", \"stackTrace\": []}",
  "timestamp": 300
}
{
  "sandboxLog": "{\"errorMessage\": \"Unable to import module 'app': No module named 'logger'\", \"errorType\": \"Runtime.ImportModuleError\", \"requestId\": \"64fdf8f0-8c20-4a89-a25e-e0faed9da368\", \"stackTrace\": []}",
  "lambdaLog": "{\"errorMessage\": \"Unable to import module 'app': No module named 'logger'\", \"errorType\": \"Runtime.ImportModuleError\", \"requestId\": \"64fdf8f0-8c20-4a89-a25e-e0faed9da368\", \"stackTrace\": []}",
  "timestamp": 400
}
{
  "sandboxLog": "{\"errorMessage\": \"Unable to import module 'app': No module named 'logger'\", \"errorType\": \"Runtime.ImportModuleError\", \"requestId\": \"3221b7f1-5ad8-4b16-9c3c-f6ed53c08a95\", \"stackTrace\": []}",
  "lambdaLog": "{\"errorMessage\": \"Unable to import module 'app': No module named 'logger'\", \"errorType\": \"Runtime.ImportModuleError\", \"requestId\": \"3221b7f1-5ad8-4b16-9c3c-f6ed53c08a95\", \"stackTrace\": []}",
  "timestamp": 500
}
{
  "sandboxLog": "{\"errorMessage\": \"Unable to import module 'app': No module named 'logger'\", \"errorType\": \"Runtime.ImportModuleError\", \"requestId\": \"0da900ce-3bd9-4099-9d90-97b1851a9acc\", \"stackTrace\": []}",
  "lambdaLog": "{\"errorMessage\": \"Unable to import module 'app': No module named 'logger'\", \"errorType\": \"Runtime.ImportModuleError\", \"requestId\": \"0da900ce-3bd9-4099-9d90-97b1851a9acc\", \"stackTrace\": []}",
  "timestamp": 600
}
{
  "sandboxLog": "{\"errorMessage\": \"Unable to import module 'app': No module named 'logger'\", \"errorType\": \"Runtime.ImportModuleError\", \"requestId\": \"8af4c5f5-1424-4760-9e5b-0a8d368c1b07\", \"stackTrace\": []}",
  "lambdaLog": "{\"errorMessage\": \"Unable to import module 'app': No module named 'logger'\", \"errorType\": \"Runtime.ImportModuleError\", \"requestId\": \"8af4c5f5-1424-4760-9e5b-0a8d368c1b07\", \"stackTrace\": []}",
  "timestamp": 700
}
{
  "sandboxLog": "{\"errorMessage\": \"Unable to import module 'app': No module named 'logger'\", \"errorType\": \"Runtime.ImportModuleError\", \"requestId\": \"3935cebf-38f4-4268-983f-10218bb92cf0\", \"stackTrace\": []}",
  "lambdaLog": "{\"errorMessage\": \"Unable to import module 'app': No module named 'logger'\", \"errorType\": \"Runtime.ImportModuleError\", \"requestId\": \"3935cebf-38f4-4268-983f-10218bb92cf0\", \"stackTrace\": []}",
  "timestamp": 800
}
{
  "sandboxLog": "{\"errorMessage\": \"Unable to import module 'app': No module named 'logger'\", \"errorType\": \"Runtime.ImportModuleError\", \"requestId\": \"3d0f0ec1-dd70-45a7-8706-7e729b80be10\", \"stackTrace\": []}",
  "lambdaLog": "{\"errorMessage\": \"Unable to import module 'app': No module named 'logger'\", \"errorType\": \"Runtime.ImportModuleError\", \"requestId\": \"3d0f0ec1-dd70-45a7-8706-7e729b80be10\", \"stackTrace\": []}",
  "timestamp": 900
}
{
  "sandboxLog": "{\"errorMessage\": \"Unable to import module 'app': No module named 'logger'\", \"errorType\": \"Runtime.ImportModuleError\", \"requestId\": \"0b935eca-398c-44f9-8cbc-671b8860ca7a\", \"stackTrace\": []}",
  "lambdaLog": "{\"errorMessage\": \"Unable to import module 'app': No module named 'logger'\", \"errorType\": \"Runtime.ImportModuleError\", \"requestId\": \"0b935eca-398c-44f9-8cbc-671b8860ca7a\", \"stackTrace\": []}",
  "timestamp": 1000
}
{
  "sandboxLog": "{\"errorMessage\": \"Unable to import module 'app': No module named 'logger'\", \"errorType\": \"Runtime.ImportModuleError\", \"requestId\": \"40665470-7c99-49e1-8dcb-c61e4a893687\", \"stackTrace\": []}",
  "lambdaLog": "{\"errorMessage\": \"Unable to import module 'app': No module named 'logger'\", \"errorType\": \"Runtime.ImportModuleError\", \"requestId\": \"40665470-7c99-49e1-8dcb-c61e4a893687\", \"stackTrace\": []}",
  "timestamp": 1100
}
{
  "sandboxLog": "{\"errorMessage\": \"Unable to import module 'app': No module named 'logger'\", \"errorType\": \"Runtime.ImportModuleError\", \"requestId\": \"ac9ec195-bb58-41c8-a861-f5efa176aaf6\", \"stackTrace\": []}",
  "lambdaLog": "{\"errorMessage\": \"Unable to import module 'app': No module named 'logger'\", \"errorType\": \"Runtime.ImportModuleError\", \"requestId\": \"ac9ec195-bb58-41c8-a861-f5efa176aaf6\", \"stackTrace\": []}",
  "timestamp": 1200
}
{
  "sandboxLog": "{\"errorMessage\": \"Unable to import module 'app': No module named 'logger'\", \"errorType\": \"Runtime.ImportModuleError\", \"requestId\": \"2b214227-0003-4319-8c1b-217643fb40d3\", \"stackTrace\": []}",
  "lambdaLog": "{\"errorMessage\": \"Unable to import module 'app': No module named 'logger'\", \"errorType\": \"Runtime.ImportModuleError\", \"requestId\": \"2b214227-0003-4319-8c1b-217643fb40d3\", \"stackTrace\": []}",
  "timestamp": 1300
}
{
  "sandboxLog": "{\"errorMessage\": \"Unable to import module 'app': No module named 'logger'\", \"errorType\": \"Runtime.ImportModuleError\", \"requestId\": \"3a07a86c-4334-47a2-a03e-61ed31ed5dc4\", \"stackTrace\": []}",
  "lambdaLog": "{\"errorMessage\": \"Unable to import module 'app': No module named 'logger'\", \"errorType\": \"Runtime.ImportModuleError\", \"requestId\": \"3a07a86c-4334-47a2-a03e-61ed31ed5dc4\", \"stackTrace\": []}",
  "timestamp": 1400
}
{
  "sandboxLog": "{\"errorMessage\": \"Unable to import module 'app': No module named 'logger'\", \"errorType\": \"Runtime.ImportModuleError\", \"requestId\": \"c73aa428-863a-4baa-af69-d1bdbb49fbee\", \"stackTrace\": []}",
  "lambdaLog": "{\"errorMessage\": \"Unable to import module 'app': No module named 'logger'\", \"errorType\": \"Runtime.ImportModuleError\", \"requestId\": \"c73aa428-863a-4baa-af69-d1bdbb49fbee\", \"stackTrace\": []}",
  "timestamp": 1500
}
{
  "sandboxLog": "{\"errorMessage\": \"Unable to import module 'app': No module named 'logger'\", \"errorType\": \"Runtime.ImportModuleError\", \"requestId\": \"916068e2-ec1a-4034-806f-532746b62d39\", \"stackTrace\": []}",
  "lambdaLog": "{\"errorMessage\": \"Unable to import module 'app': No module named 'logger'\", \"errorType\": \"Runtime.ImportModuleError\", \"requestId\": \"916068e2-ec1a-4034-806f-532746b62d39\", \"stackTrace\": []}",
  "timestamp": 1600
}
{
  "sandboxLog": "{\"errorMessage\": \"Unable to import module 'app': No module named 'logger'\", \"errorType\": \"Runtime.ImportModuleError\", \"requestId\": \"53749164-4752-462c-b269-bceca465e1c0\", \"stackTrace\": []}",
  "lambdaLog": "{\"errorMessage\": \"Unable to import module 'app': No module named 'logger'\", \"errorType\": \"Runtime.ImportModuleError\", \"requestId\": \"53749164-4752-462c-b269-bceca465e1c0\", \"stackTrace\": []}",
  "timestamp": 1700
}
{
  "sandboxLog": "{\"errorMessage\": \"Unable to import module 'app': No module named 'logger'\", \"errorType\": \"Runtime.ImportModuleError\", \"requestId\": \"78637487-8648-4b2a-a8cb-9c32a15e4820\", \"stackTrace\": []}",
  "lambdaLog": "{\"errorMessage\": \"Unable to import module 'app': No module named 'logger'\", \"errorType\": \"Runtime.ImportModuleError\", \"requestId\": \"78637487-8648-4b2a-a8cb-9c32a15e4820\", \"stackTrace\": []}",
  "timestamp": 1800
}
{
  "sandboxLog": "{\"errorMessage\": \"Unable to import module 'app': No module named 'logger'\", \"errorType\": \"Runtime.ImportModuleError\", \"requestId\": \"d5f4ce84-b0ff-4e23-8bd7-f07eccb1c047\", \"stackTrace\": []}",
  "lambdaLog": "{\"errorMessage\": \"Unable to import module 'app': No module named 'logger'\", \"errorType\": \"Runtime.ImportModuleError\", \"requestId\": \"d5f4ce84-b0ff-4e23-8bd7-f07eccb1c047\", \"stackTrace\": []}",
  "timestamp": 1900
}
{
  "sandboxLog": "{\"errorMessage\": \"Unable to import module 'app': No module named 'logger'\", \"errorType\": \"Runtime.ImportModuleError\", \"requestId\": \"fc046cb9-d9be-41ac-b168-723349dc9107\", \"stackTrace\": []}",
  "lambdaLog": "{\"errorMessage\": \"Unable to import module 'app': No module named 'logger'\", \"errorType\": \"Runtime.ImportModuleError\", \"requestId\": \"fc046cb9-d9be-41ac-b168-723349dc9107\", \"stackTrace\": []}",
  "timestamp": 2000
}
{
  "sandboxLog": "{\"errorMessage\": \"Unable to import module 'app': No module named 'logger'\", \"errorType\": \"Runtime.ImportModuleError\", \"requestId\": \"74731e32-aaf2-4260-90c6-b53f23cac702\", \"stackTrace\": []}",
  "lambdaLog": "{\"errorMessage\": \"Unable to import module 'app': No module named 'logger'\", \"errorType\": \"Runtime.ImportModuleError\", \"requestId\": \"74731e32-aaf2-4260-90c6-b53f23cac702\", \"stackTrace\": []}",
  "timestamp": 2100
}
{
  "sandboxLog": "{\"errorMessage\": \"Unable to import module 'app': No module named 'logger'\", \"errorType\": \"Runtime.ImportModuleError\", \"requestId\": \"7986720d-113d-40e0-a0d2-95aef5155935\", \"stackTrace\": []}",
  "lambdaLog": "{\"errorMessage\": \"Unable to import module 'app': No module named 'logger'\", \"errorType\": \"Runtime.ImportModuleError\", \"requestId\": \"7986720d-113d-40e0-a0d2-95aef5155935\", \"stackTrace\": []}",
  "timestamp": 2200
}
{
  "sandboxLog": "{\"errorMessage\": \"Unable to import module 'app': No module named 'logger'\", \"errorType\": \"Runtime.ImportModuleError\", \"requestId\": \"5b4ceeee-7c87-4845-ac3c-2f7be698d0f0\", \"stackTrace\": []}",
  "lambdaLog": "{\"errorMessage\": \"Unable to import module 'app': No module named 'logger'\", \"errorType\": \"Runtime.ImportModuleError\", \"requestId\": \"5b4ceeee-7c87-4845-ac3c-2f7be698d0f0\", \"stackTrace\": []}",
  "timestamp": 2300
}
{
  "sandboxLog": "{\"errorMessage\": \"Unable to import module 'app': No module named 'logger'\", \"errorType\": \"Runtime.ImportModuleError\", \"requestId\": \"76348c5a-0af0-4e82-b079-4ae4869f58ef\", \"stackTrace\": []}",
  "lambdaLog": "{\"errorMessage\": \"Unable to import module 'app': No module named 'logger'\", \"errorType\": \"Runtime.ImportModuleError\", \"requestId\": \"76348c5a-0af0-4e82-b079-4ae4869f58ef\", \"stackTrace\": []}",
  "timestamp": 2400
}
{
  "sandboxLog": "{\"errorMessage\": \"Unable to import module 'app': No module named 'logger'\", \"errorType\": \"Runtime.ImportModuleError\", \"requestId\": \"c881c53a-6817-4240-a3f0-c712d03832aa\", \"stackTrace\": []}",
  "lambdaLog": "{\"errorMessage\": \"Unable to import module 'app': No module named 'logger'\", \"errorType\": \"Runtime.ImportModuleError\", \"requestId\": \"c881c53a-6817-4240-a3f0-c712d03832aa\", \"stackTrace\": []}",
  "timestamp": 2500
}
{
  "sandboxLog": "{\"errorMessage\": \"Unable to import module 'app': No module named 'logger'\", \"errorType\": \"Runtime.ImportModuleError\", \"requestId\": \"7ebcf927-7b74-4a2e-ac12-16f321b3c4c6\", \"stackTrace\": []}",
  "lambdaLog": "{\"errorMessage\": \"Unable to import module 'app': No module named 'logger'\", \"errorType\": \"Runtime.ImportModuleError\", \"requestId\": \"7ebcf927-7b74-4a2e-ac12-16f321b3c4c6\", \"stackTrace\": []}",
  "timestamp": 2600
}
{
  "sandboxLog": "{\"errorMessage\": \"Unable to import module 'app': No module named 'logger'\", \"errorType\": \"Runtime.ImportModuleError\", \"requestId\": \"5fa37073-f888-4e18-b790-386dd6262345\", \"stackTrace\": []}",
  "lambdaLog": "{\"errorMessage\": \"Unable to import module 'app': No module named 'logger'\", \"errorType\": \"Runtime.ImportModuleError\", \"requestId\": \"5fa37073-f888-4e18-b790-386dd6262345\", \"stackTrace\": []}",
  "timestamp": 2700
}
{
  "sandboxLog": "{\"errorMessage\": \"Unable to import module 'app': No module named 'logger'\", \"errorType\": \"Runtime.ImportModuleError\", \"requestId\": \"bd3ba6a9-ebac-4a9d-aa47-31a75d594e95\", \"stackTrace\": []}",
  "lambdaLog": "{\"errorMessage\": \"Unable to import module 'app': No module named 'logger'\", \"errorType\": \"Runtime.ImportModuleError\", \"requestId\": \"bd3ba6a9-ebac-4a9d-aa47-31a75d594e95\", \"stackTrace\": []}",
  "timestamp": 2800
}
{
  "sandboxLog": "{\"errorMessage\": \"Unable to import module 'app': No module named 'logger'\", \"errorType\": \"Runtime.ImportModuleError\", \"requestId\": \"1d0a90e6-a4c2-48a5-bf59-774931e94119\", \"stackTrace\": []}",
  "lambdaLog": "{\"errorMessage\": \"Unable to import module 'app': No module named 'logger'\", \"errorType\": \"Runtime.ImportModuleError\", \"requestId\": \"1d0a90e6-a4c2-48a5-bf59-774931e94119\", \"stackTrace\": []}",
  "timestamp": 2900
}
{
  "sandboxLog": "{\"errorMessage\": \"Unable to import module 'app': No module named 'logger'\", \"errorType\": \"Runtime.ImportModuleError\", \"requestId\": \"be19fca8-110f-4a93-b65d-f8893cbf38b8\", \"stackTrace\": []}",
  "lambdaLog": "{\"errorMessage\": \"Unable to import module 'app': No module named 'logger'\", \"errorType\": \"Runtime.ImportModuleError\", \"requestId\": \"be19fca8-110f-4a93-b65d-f8893cbf38b8\", \"stackTrace\": []}",
  "timestamp": 3000
}
{
  "sandboxLog": "{\"errorMessage\": \"Unable to import module 'app': No module named 'logger'\", \"errorType\": \"Runtime.ImportModuleError\", \"requestId\": \"a80f823e-72c7-41c7-a2ed-e938a2251e8b\", \"stackTrace\": []}",
  "lambdaLog": "{\"errorMessage\": \"Unable to import module 'app': No module named 'logger'\", \"errorType\": \"Runtime.ImportModuleError\", \"requestId\": \"a80f823e-72c7-41c7-a2ed-e938a2251e8b\", \"stackTrace\": []}",
  "timestamp": 3100
}
{
  "sandboxLog": "{\"errorMessage\": \"Unable to import module 'app': No module named 'logger'\", \"errorType\": \"Runtime.ImportModuleError\", \"requestId\": \"a59b994f-5912-4627-9cc5-1f02b1eaf744\", \"stackTrace\": []}",
  "lambdaLog": "{\"errorMessage\": \"Unable to import module 'app': No module named 'logger'\", \"errorType\": \"Runtime.ImportModuleError\", \"requestId\": \"a59b994f-5912-4627-9cc5-1f02b1eaf744\", \"stackTrace\": []}",
  "timestamp": 3200
}
{
  "sandboxLog": "{\"errorMessage\": \"Unable to import module 'app': No module named 'logger'\", \"errorType\": \"Runtime.ImportModuleError\", \"requestId\": \"7f88a121-5d9b-4add-b684-63ac744f4368\", \"stackTrace\": []}",
  "lambdaLog": "{\"errorMessage\": \"Unable to import module 'app': No module named 'logger'\", \"errorType\": \"Runtime.ImportModuleError\", \"requestId\": \"7f88a121-5d9b-4add-b684-63ac744f4368\", \"stackTrace\": []}",
  "timestamp": 3300
}
{
  "sandboxLog": "{\"errorMessage\": \"Unable to import module 'app': No module named 'logger'\", \"errorType\": \"Runtime.ImportModuleError\", \"requestId\": \"040e2461-b07c-4cde-ae37-320a2b7adbb3\", \"stackTrace\": []}",
  "lambdaLog": "{\"errorMessage\": \"Unable to import module 'app': No module named 'logger'\", \"errorType\": \"Runtime.ImportModuleError\", \"requestId\": \"040e2461-b07c-4cde-ae37-320a2b7adbb3\", \"stackTrace\": []}",
  "timestamp": 3400
}
{
  "sandboxLog": "{\"errorMessage\": \"Unable to import module 'app': No module named 'logger'\", \"errorType\": \"Runtime.ImportModuleError\", \"requestId\": \"96568c97-068b-43a4-8edf-6563d0b4a21d\", \"stackTrace\": []}",
  "lambdaLog": "{\"errorMessage\": \"Unable to import module 'app': No module named 'logger'\", \"errorType\": \"Runtime.ImportModuleError\", \"requestId\": \"96568c97-068b-43a4-8edf-6563d0b4a21d\", \"stackTrace\": []}",
  "timestamp": 3500
}
{
  "sandboxLog": "{\"errorMessage\": \"Unable to import module 'app': No module named 'logger'\", \"errorType\": \"Runtime.ImportModuleError\", \"requestId\": \"18d7208c-59bc-4576-ba05-a08aa874b8d7\", \"stackTrace\": []}",
  "lambdaLog": "{\"errorMessage\": \"Unable to import module 'app': No module named 'logger'\", \"errorType\": \"Runtime.ImportModuleError\", \"requestId\": \"18d7208c-59bc-4576-ba05-a08aa874b8d7\", \"stackTrace\": []}",
  "timestamp": 3600
}
{
  "sandboxLog": "{\"errorMessage\": \"Unable to import module 'app': No module named 'logger'\", \"errorType\": \"Runtime.ImportModuleError\", \"requestId\": \"ecc5acc8-0ce0-4408-af1a-1458cf216bd5\", \"stackTrace\": []}",
  "lambdaLog": "{\"errorMessage\": \"Unable to import module 'app': No module named 'logger'\", \"errorType\": \"Runtime.ImportModuleError\", \"requestId\": \"ecc5acc8-0ce0-4408-af1a-1458cf216bd5\", \"stackTrace\": []}",
  "timestamp": 3700
}
{
  "sandboxLog": "{\"errorMessage\": \"Unable to import module 'app': No module named 'logger'\", \"errorType\": \"Runtime.ImportModuleError\", \"requestId\": \"473ae234-e458-460b-aaab-c955d044ed38\", \"stackTrace\": []}",
  "lambdaLog": "{\"errorMessage\": \"Unable to import module 'app': No module named 'logger'\", \"errorType\": \"Runtime.ImportModuleError\", \"requestId\": \"473ae234-e458-460b-aaab-c955d044ed38\", \"stackTrace\": []}",
  "timestamp": 3800
}
{
  "sandboxLog": "{\"errorMessage\": \"Unable to import module 'app': No module named 'logger'\", \"errorType\": \"Runtime.ImportModuleError\", \"requestId\": \"409b6693-8157-49b7-8b50-16c78b586606\", \"stackTrace\": []}",
  "lambdaLog": "{\"errorMessage\": \"Unable to import module 'app': No module named 'logger'\", \"errorType\": \"Runtime.ImportModuleError\", \"requestId\": \"409b6693-8157-49b7-8b50-16c78b586606\", \"stackTrace\": []}",
  "timestamp": 3900
}
{
  "sandboxLog": "{\"errorMessage\": \"Unable to import module 'app': No module named 'logger'\", \"errorType\": \"Runtime.ImportModuleError\", \"requestId\": \"c9a7b4da-d664-4954-88c1-1d22106c4a68\", \"stackTrace\": []}",
  "lambdaLog": "{\"errorMessage\": \"Unable to import module 'app': No module named 'logger'\", \"errorType\": \"Runtime.ImportModuleError\", \"requestId\": \"c9a7b4da-d664-4954-88c1-1d22106c4a68\", \"stackTrace\": []}",
  "timestamp": 4000
}
{
  "sandboxLog": "{\"errorMessage\": \"Unable to import module 'app': No module named 'logger'\", \"errorType\": \"Runtime.ImportModuleError\", \"requestId\": \"fba8f330-988b-421e-941d-ebbc9bbaeb9c\", \"stackTrace\": []}",
  "lambdaLog": "{\"errorMessage\": \"Unable to import module 'app': No module named 'logger'\", \"errorType\": \"Runtime.ImportModuleError\", \"requestId\": \"fba8f330-988b-421e-941d-ebbc9bbaeb9c\", \"stackTrace\": []}",
  "timestamp": 4100
}
{
  "sandboxLog": "{\"errorMessage\": \"Unable to import module 'app': No module named 'logger'\", \"errorType\": \"Runtime.ImportModuleError\", \"requestId\": \"2a3b4660-b4e7-4785-ae12-b92b91e2cad5\", \"stackTrace\": []}",
  "lambdaLog": "{\"errorMessage\": \"Unable to import module 'app': No module named 'logger'\", \"errorType\": \"Runtime.ImportModuleError\", \"requestId\": \"2a3b4660-b4e7-4785-ae12-b92b91e2cad5\", \"stackTrace\": []}",
  "timestamp": 4200
}
{
  "sandboxLog": "{\"errorMessage\": \"Unable to import module 'app': No module named 'logger'\", \"errorType\": \"Runtime.ImportModuleError\", \"requestId\": \"18f7a5fe-8b58-462c-a789-276e9c13b1f3\", \"stackTrace\": []}",
  "lambdaLog": "{\"errorMessage\": \"Unable to import module 'app': No module named 'logger'\", \"errorType\": \"Runtime.ImportModuleError\", \"requestId\": \"18f7a5fe-8b58-462c-a789-276e9c13b1f3\", \"stackTrace\": []}",
  "timestamp": 4300
}
{
  "sandboxLog": "{\"errorMessage\": \"Unable to import module 'app': No module named 'logger'\", \"errorType\": \"Runtime.ImportModuleError\", \"requestId\": \"ee5a02bb-ebd4-435f-a0bb-bba12bbe00de\", \"stackTrace\": []}",
  "lambdaLog": "{\"errorMessage\": \"Unable to import module 'app': No module named 'logger'\", \"errorType\": \"Runtime.ImportModuleError\", \"requestId\": \"ee5a02bb-ebd4-435f-a0bb-bba12bbe00de\", \"stackTrace\": []}",
  "timestamp": 4400
}
{
  "sandboxLog": "{\"errorMessage\": \"Unable to import module 'app': No module named 'logger'\", \"errorType\": \"Runtime.ImportModuleError\", \"requestId\": \"5bd53363-976f-4cfb-878b-4e058915aafc\", \"stackTrace\": []}",
  "lambdaLog": "{\"errorMessage\": \"Unable to import module 'app': No module named 'logger'\", \"errorType\": \"Runtime.ImportModuleError\", \"requestId\": \"5bd53363-976f-4cfb-878b-4e058915aafc\", \"stackTrace\": []}",
  "timestamp": 4500
}
{
  "sandboxLog": "{\"errorMessage\": \"Unable to import module 'app': No module named 'logger'\", \"errorType\": \"Runtime.ImportModuleError\", \"requestId\": \"4fa90f46-196b-46a2-a784-a2883d4331f8\", \"stackTrace\": []}",
  "lambdaLog": "{\"errorMessage\": \"Unable to import module 'app': No module named 'logger'\", \"errorType\": \"Runtime.ImportModuleError\", \"requestId\": \"4fa90f46-196b-46a2-a784-a2883d4331f8\", \"stackTrace\": []}",
  "timestamp": 4600
}
{
  "sandboxLog": "{\"errorMessage\": \"Unable to import module 'app': No module named 'logger'\", \"errorType\": \"Runtime.ImportModuleError\", \"requestId\": \"b9cc9501-8939-4d78-b9ea-70ccc44b3948\", \"stackTrace\": []}",
  "lambdaLog": "{\"errorMessage\": \"Unable to import module 'app': No module named 'logger'\", \"errorType\": \"Runtime.ImportModuleError\", \"requestId\": \"b9cc9501-8939-4d78-b9ea-70ccc44b3948\", \"stackTrace\": []}",
  "timestamp": 4700
}
{
  "sandboxLog": "{\"errorMessage\": \"Unable to import module 'app': No module named 'logger'\", \"errorType\": \"Runtime.ImportModuleError\", \"requestId\": \"dd9c4572-e379-4d22-becb-fb8761f42b02\", \"stackTrace\": []}",
  "lambdaLog": "{\"errorMessage\": \"Unable to import module 'app': No module named 'logger'\", \"errorType\": \"Runtime.ImportModuleError\", \"requestId\": \"dd9c4572-e379-4d22-becb-fb8761f42b02\", \"stackTrace\": []}",
  "timestamp": 4800
}
{
  "sandboxLog": "{\"errorMessage\": \"Unable to import module 'app': No module named 'logger'\", \"errorType\": \"Runtime.ImportModuleError\", \"requestId\": \"6ea1f1bf-b2c4-4bc6-a054-cce01ab71e00\", \"stackTrace\": []}",
  "lambdaLog": "{\"errorMessage\": \"Unable to import module 'app': No module named 'logger'\", \"errorType\": \"Runtime.ImportModuleError\", \"requestId\": \"6ea1f1bf-b2c4-4bc6-a054-cce01ab71e00\", \"stackTrace\": []}",
  "timestamp": 4900
}
{
  "sandboxLog": "{\"errorMessage\": \"Unable to import module 'app': No module named 'logger'\", \"errorType\": \"Runtime.ImportModuleError\", \"requestId\": \"8da8b269-9a60-4c8e-b7eb-24affbf6fa12\", \"stackTrace\": []}",
  "lambdaLog": "{\"errorMessage\": \"Unable to import module 'app': No module named 'logger'\", \"errorType\": \"Runtime.ImportModuleError\", \"requestId\": \"8da8b269-9a60-4c8e-b7eb-24affbf6fa12\", \"stackTrace\": []}",
  "timestamp": 5000
}
{
  "sandboxLog": "{\"errorMessage\": \"Unable to import module 'app': No module named 'logger'\", \"errorType\": \"Runtime.ImportModuleError\", \"requestId\": \"10188861-6979-4ed4-be17-0bbbbab10920\", \"stackTrace\": []}",
  "lambdaLog": "{\"errorMessage\": \"Unable to import module 'app': No module named 'logger'\", \"errorType\": \"Runtime.ImportModuleError\", \"requestId\": \"10188861-6979-4ed4-be17-0bbbbab10920\", \"stackTrace\": []}",
  "timestamp": 5100
}
{
  "sandboxLog": "{\"errorMessage\": \"Unable to import module 'app': No module named 'logger'\", \"errorType\": \"Runtime.ImportModuleError\", \"requestId\": \"c9d78184-5de7-4d53-8a3b-bade08f00f3a\", \"stackTrace\": []}",
  "lambdaLog": "{\"errorMessage\": \"Unable to import module 'app': No module named 'logger'\", \"errorType\": \"Runtime.ImportModuleError\", \"requestId\": \"c9d78184-5de7-4d53-8a3b-bade08f00f3a\", \"stackTrace\": []}",
  "timestamp": 5200
}
{
  "sandboxLog": "{\"errorMessage\": \"Unable to import module 'app': No module named 'logger'\", \"errorType\": \"Runtime.ImportModuleError\", \"requestId\": \"ac62f0a5-f380-4f15-91ca-d9f4a993368f\", \"stackTrace\": []}",
  "lambdaLog": "{\"errorMessage\": \"Unable to import module 'app': No module named 'logger'\", \"errorType\": \"Runtime.ImportModuleError\", \"requestId\": \"ac62f0a5-f380-4f15-91ca-d9f4a993368f\", \"stackTrace\": []}",
  "timestamp": 5300
}
{
  "sandboxLog": "{\"errorMessage\": \"Unable to import module 'app': No module named 'logger'\", \"errorType\": \"Runtime.ImportModuleError\", \"requestId\": \"dbee6f29-d0e9-4775-a93f-55ca1a119953\", \"stackTrace\": []}",
  "lambdaLog": "{\"errorMessage\": \"Unable to import module 'app': No module named 'logger'\", \"errorType\": \"Runtime.ImportModuleError\", \"requestId\": \"dbee6f29-d0e9-4775-a93f-55ca1a119953\", \"stackTrace\": []}",
  "timestamp": 5400
}
{
  "sandboxLog": "{\"errorMessage\": \"Unable to import module 'app': No module named 'logger'\", \"errorType\": \"Runtime.ImportModuleError\", \"requestId\": \"0553e131-5379-42d0-bcbb-d21ed1e3b010\", \"stackTrace\": []}",
  "lambdaLog": "{\"errorMessage\": \"Unable to import module 'app': No module named 'logger'\", \"errorType\": \"Runtime.ImportModuleError\", \"requestId\": \"0553e131-5379-42d0-bcbb-d21ed1e3b010\", \"stackTrace\": []}",
  "timestamp": 5500
}
{
  "sandboxLog": "{\"errorMessage\": \"Unable to import module 'app': No module named 'logger'\", \"errorType\": \"Runtime.ImportModuleError\", \"requestId\": \"db9c9a13-5bcc-4277-b7d7-0fa0f18c91af\", \"stackTrace\": []}",
  "lambdaLog": "{\"errorMessage\": \"Unable to import module 'app': No module named 'logger'\", \"errorType\": \"Runtime.ImportModuleError\", \"requestId\": \"db9c9a13-5bcc-4277-b7d7-0fa0f18c91af\", \"stackTrace\": []}",
  "timestamp": 5600
}
{
  "sandboxLog": "{\"errorMessage\": \"Unable to import module 'app': No module named 'logger'\", \"errorType\": \"Runtime.ImportModuleError\", \"requestId\": \"028143f8-893f-4301-ae76-4f9a35786e6c\", \"stackTrace\": []}",
  "lambdaLog": "{\"errorMessage\": \"Unable to import module 'app': No module named 'logger'\", \"errorType\": \"Runtime.ImportModuleError\", \"requestId\": \"028143f8-893f-4301-ae76-4f9a35786e6c\", \"stackTrace\": []}",
  "timestamp": 5700
}
{
  "sandboxLog": "{\"errorMessage\": \"Unable to import module 'app': No module named 'logger'\", \"errorType\": \"Runtime.ImportModuleError\", \"requestId\": \"51e862c7-d2c8-4c15-8d6e-067238bd367f\", \"stackTrace\": []}",
  "lambdaLog": "{\"errorMessage\": \"Unable to import module 'app': No module named 'logger'\", \"errorType\": \"Runtime.ImportModuleError\", \"requestId\": \"51e862c7-d2c8-4c15-8d6e-067238bd367f\", \"stackTrace\": []}",
  "timestamp": 5800
}
{
  "sandboxLog": "{\"errorMessage\": \"Unable to import module 'app': No module named 'logger'\", \"errorType\": \"Runtime.ImportModuleError\", \"requestId\": \"35acf659-50df-4612-aff6-15c770acde91\", \"stackTrace\": []}",
  "lambdaLog": "{\"errorMessage\": \"Unable to import module 'app': No module named 'logger'\", \"errorType\": \"Runtime.ImportModuleError\", \"requestId\": \"35acf659-50df-4612-aff6-15c770acde91\", \"stackTrace\": []}",
  "timestamp": 5900
}
{
  "sandboxLog": "{\"errorMessage\": \"Unable to import module 'app': No module named 'logger'\", \"errorType\": \"Runtime.ImportModuleError\", \"requestId\": \"e73442f4-33a4-4b3c-9af5-21299730a5a4\", \"stackTrace\": []}",
  "lambdaLog": "{\"errorMessage\": \"Unable to import module 'app': No module named 'logger'\", \"errorType\": \"Runtime.ImportModuleError\", \"requestId\": \"e73442f4-33a4-4b3c-9af5-21299730a5a4\", \"stackTrace\": []}",
  "timestamp": 6000
}
{
  "sandboxLog": "{\"errorMessage\": \"Unable to import module 'app': No module named 'logger'\", \"errorType\": \"Runtime.ImportModuleError\", \"requestId\": \"6e41624a-cc0d-4a1a-bfa6-8d0b49bc333c\", \"stackTrace\": []}",
  "lambdaLog": "{\"errorMessage\": \"Unable to import module 'app': No module named 'logger'\", \"errorType\": \"Runtime.ImportModuleError\", \"requestId\": \"6e41624a-cc0d-4a1a-bfa6-8d0b49bc333c\", \"stackTrace\": []}",
  "timestamp": 6100
}
{
  "sandboxLog": "{\"errorMessage\": \"Unable to import module 'app': No module named 'logger'\", \"errorType\": \"Runtime.ImportModuleError\", \"requestId\": \"97675fad-15f1-471f-b628-53f5c7264968\", \"stackTrace\": []}",
  "lambdaLog": "{\"errorMessage\": \"Unable to import module 'app': No module named 'logger'\", \"errorType\": \"Runtime.ImportModuleError\", \"requestId\": \"97675fad-15f1-471f-b628-53f5c7264968\", \"stackTrace\": []}",
  "timestamp": 6200
}
{
  "sandboxLog": "{\"errorMessage\": \"Unable to import module 'app': No module named 'logger'\", \"errorType\": \"Runtime.ImportModuleError\", \"requestId\": \"3249895c-0db0-4dbc-8828-a399358d64ed\", \"stackTrace\": []}",
  "lambdaLog": "{\"errorMessage\": \"Unable to import module 'app': No module named 'logger'\", \"errorType\": \"Runtime.ImportModuleError\", \"requestId\": \"3249895c-0db0-4dbc-8828-a399358d64ed\", \"stackTrace\": []}",
  "timestamp": 6300
}
{
  "sandboxLog": "{\"errorMessage\": \"Unable to import module 'app': No module named 'logger'\", \"errorType\": \"Runtime.ImportModuleError\", \"requestId\": \"07e3be32-661b-4c36-9e6d-ca5dba47df09\", \"stackTrace\": []}",
  "lambdaLog": "{\"errorMessage\": \"Unable to import module 'app': No module named 'logger'\", \"errorType\": \"Runtime.ImportModuleError\", \"requestId\": \"07e3be32-661b-4c36-9e6d-ca5dba47df09\", \"stackTrace\": []}",
  "timestamp": 6400
}
{
  "sandboxLog": "{\"errorMessage\": \"Unable to import module 'app': No module named 'logger'\", \"errorType\": \"Runtime.ImportModuleError\", \"requestId\": \"e3ebb4ca-7814-4011-a80c-ec53c2238a7d\", \"stackTrace\": []}",
  "lambdaLog": "{\"errorMessage\": \"Unable to import module 'app': No module named 'logger'\", \"errorType\": \"Runtime.ImportModuleError\", \"requestId\": \"e3ebb4ca-7814-4011-a80c-ec53c2238a7d\", \"stackTrace\": []}",
  "timestamp": 6500
}
{
  "sandboxLog": "{\"errorMessage\": \"Unable to import module 'app': No module named 'logger'\", \"errorType\": \"Runtime.ImportModuleError\", \"requestId\": \"a1643d06-ae08-4b29-8f9e-e33607e7c1c1\", \"stackTrace\": []}",
  "lambdaLog": "{\"errorMessage\": \"Unable to import module 'app': No module named 'logger'\", \"errorType\": \"Runtime.ImportModuleError\", \"requestId\": \"a1643d06-ae08-4b29-8f9e-e33607e7c1c1\", \"stackTrace\": []}",
  "timestamp": 6600
}
{
  "sandboxLog": "{\"errorMessage\": \"Unable to import module 'app': No module named 'logger'\", \"errorType\": \"Runtime.ImportModuleError\", \"requestId\": \"214f0200-2034-4bce-a112-f550f1b10a3f\", \"stackTrace\": []}",
  "lambdaLog": "{\"errorMessage\": \"Unable to import module 'app': No module named 'logger'\", \"errorType\": \"Runtime.ImportModuleError\", \"requestId\": \"214f0200-2034-4bce-a112-f550f1b10a3f\", \"stackTrace\": []}",
  "timestamp": 6700
}
{
  "sandboxLog": "{\"errorMessage\": \"Unable to import module 'app': No module named 'logger'\", \"errorType\": \"Runtime.ImportModuleError\", \"requestId\": \"8821d9dc-f328-4a80-9bda-b119a55eb37f\", \"stackTrace\": []}",
  "lambdaLog": "{\"errorMessage\": \"Unable to import module 'app': No module named 'logger'\", \"errorType\": \"Runtime.ImportModuleError\", \"requestId\": \"8821d9dc-f328-4a80-9bda-b119a55eb37f\", \"stackTrace\": []}",
  "timestamp": 6800
}
{
  "sandboxLog": "{\"errorMessage\": \"Unable to import module 'app': No module named 'logger'\", \"errorType\": \"Runtime.ImportModuleError\", \"requestId\": \"bbfc63d3-febd-421f-8108-7397351a9d8b\", \"stackTrace\": []}",
  "lambdaLog": "{\"errorMessage\": \"Unable to import module 'app': No module named 'logger'\", \"errorType\": \"Runtime.ImportModuleError\", \"requestId\": \"bbfc63d3-febd-421f-8108-7397351a9d8b\", \"stackTrace\": []}",
  "timestamp": 6900
}
{
  "sandboxLog": "{\"errorMessage\": \"Unable to import module 'app': No module named 'logger'\", \"errorType\": \"Runtime.ImportModuleError\", \"requestId\": \"f62be80c-aca0-4c69-be11-dcc26f96b303\", \"stackTrace\": []}",
  "lambdaLog": "{\"errorMessage\": \"Unable to import module 'app': No module named 'logger'\", \"errorType\": \"Runtime.ImportModuleError\", \"requestId\": \"f62be80c-aca0-4c69-be11-dcc26f96b303\", \"stackTrace\": []}",
  "timestamp": 7000
}
{
  "sandboxLog": "{\"errorMessage\": \"Unable to import module 'app': No module named 'logger'\", \"errorType\": \"Runtime.ImportModuleError\", \"requestId\": \"774dbf11-678b-4cb1-89fd-4bb686e0b46d\", \"stackTrace\": []}",
  "lambdaLog": "{\"errorMessage\": \"Unable to import module 'app': No module named 'logger'\", \"errorType\": \"Runtime.ImportModuleError\", \"requestId\": \"774dbf11-678b-4cb1-89fd-4bb686e0b46d\", \"stackTrace\": []}",
  "timestamp": 7100
}
{
  "sandboxLog": "{\"errorMessage\": \"Unable to import module 'app': No module named 'logger'\", \"errorType\": \"Runtime.ImportModuleError\", \"requestId\": \"114a389c-396b-4b36-bdbb-390a8d3f21a2\", \"stackTrace\": []}",
  "lambdaLog": "{\"errorMessage\": \"Unable to import module 'app': No module named 'logger'\", \"errorType\": \"Runtime.ImportModuleError\", \"requestId\": \"114a389c-396b-4b36-bdbb-390a8d3f21a2\", \"stackTrace\": []}",
  "timestamp": 7200
}
{
  "sandboxLog": "{\"errorMessage\": \"Unable to import module 'app': No module named 'logger'\", \"errorType\": \"Runtime.ImportModuleError\", \"requestId\": \"a2121655-06e4-45ff-b14d-d739fcffed55\", \"stackTrace\": []}",
  "lambdaLog": "{\"errorMessage\": \"Unable to import module 'app': No module named 'logger'\", \"errorType\": \"Runtime.ImportModuleError\", \"requestId\": \"a2121655-06e4-45ff-b14d-d739fcffed55\", \"stackTrace\": []}",
  "timestamp": 7300
}
{
  "sandboxLog": "{\"errorMessage\": \"Unable to import module 'app': No module named 'logger'\", \"errorType\": \"Runtime.ImportModuleError\", \"requestId\": \"1a32eabd-4275-4ff4-ac85-8488ca9044a5\", \"stackTrace\": []}",
  "lambdaLog": "{\"errorMessage\": \"Unable to import module 'app': No module named 'logger'\", \"errorType\": \"Runtime.ImportModuleError\", \"requestId\": \"1a32eabd-4275-4ff4-ac85-8488ca9044a5\", \"stackTrace\": []}",
  "timestamp": 7400
}
{
  "sandboxLog": "{\"errorMessage\": \"Unable to import module 'app': No module named 'logger'\", \"errorType\": \"Runtime.ImportModuleError\", \"requestId\": \"9440fa30-85f6-40df-a2f2-8fb5a63d3e71\", \"stackTrace\": []}",
  "lambdaLog": "{\"errorMessage\": \"Unable to import module 'app': No module named 'logger'\", \"errorType\": \"Runtime.ImportModuleError\", \"requestId\": \"9440fa30-85f6-40df-a2f2-8fb5a63d3e71\", \"stackTrace\": []}",
  "timestamp": 7500
}
{
  "sandboxLog": "{\"errorMessage\": \"Unable to import module 'app': No module named 'logger'\", \"errorType\": \"Runtime.ImportModuleError\", \"requestId\": \"5f49cbc6-01cc-404d-a8fd-f127bac593bb\", \"stackTrace\": []}",
  "lambdaLog": "{\"errorMessage\": \"Unable to import module 'app': No module named 'logger'\", \"errorType\": \"Runtime.ImportModuleError\", \"requestId\": \"5f49cbc6-01cc-404d-a8fd-f127bac593bb\", \"stackTrace\": []}",
  "timestamp": 7600
}
{
  "sandboxLog": "{\"errorMessage\": \"Unable to import module 'app': No module named 'logger'\", \"errorType\": \"Runtime.ImportModuleError\", \"requestId\": \"76616c66-73df-499d-972a-ab1d4d672e1b\", \"stackTrace\": []}",
  "lambdaLog": "{\"errorMessage\": \"Unable to import module 'app': No module named 'logger'\", \"errorType\": \"Runtime.ImportModuleError\", \"requestId\": \"76616c66-73df-499d-972a-ab1d4d672e1b\", \"stackTrace\": []}",
  "timestamp": 7700
}
{
  "sandboxLog": "{\"errorMessage\": \"Unable to import module 'app': No module named 'logger'\", \"errorType\": \"Runtime.ImportModuleError\", \"requestId\": \"f6afe8a8-a076-4f16-8592-775b4dcd9ca5\", \"stackTrace\": []}",
  "lambdaLog": "{\"errorMessage\": \"Unable to import module 'app': No module named 'logger'\", \"errorType\": \"Runtime.ImportModuleError\", \"requestId\": \"f6afe8a8-a076-4f16-8592-775b4dcd9ca5\", \"stackTrace\": []}",
  "timestamp": 7800
}
{
  "sandboxLog": "{\"errorMessage\": \"Unable to import module 'app': No module named 'logger'\", \"errorType\": \"Runtime.ImportModuleError\", \"requestId\": \"fe3abab3-2236-4a63-8460-c30ec66ee07e\", \"stackTrace\": []}",
  "lambdaLog": "{\"errorMessage\": \"Unable to import module 'app': No module named 'logger'\", \"errorType\": \"Runtime.ImportModuleError\", \"requestId\": \"fe3abab3-2236-4a63-8460-c30ec66ee07e\", \"stackTrace\": []}",
  "timestamp": 7900
}
{
  "sandboxLog": "{\"errorMessage\": \"Unable to import module 'app': No module named 'logger'\", \"errorType\": \"Runtime.ImportModuleError\", \"requestId\": \"7b21851d-e576-41a8-afa3-95f1641ac640\", \"stackTrace\": []}",
  "lambdaLog": "{\"errorMessage\": \"Unable to import module 'app': No module named 'logger'\", \"errorType\": \"Runtime.ImportModuleError\", \"requestId\": \"7b21851d-e576-41a8-afa3-95f1641ac640\", \"stackTrace\": []}",
  "timestamp": 8000
}
{
  "sandboxLog": "{\"errorMessage\": \"Unable to import module 'app': No module named 'logger'\", \"errorType\": \"Runtime.ImportModuleError\", \"requestId\": \"e87d0856-368c-4ac9-9356-025e516524ee\", \"stackTrace\": []}",
  "lambdaLog": "{\"errorMessage\": \"Unable to import module 'app': No module named 'logger'\", \"errorType\": \"Runtime.ImportModuleError\", \"requestId\": \"e87d0856-368c-4ac9-9356-025e516524ee\", \"stackTrace\": []}",
  "timestamp": 8100
}
{
  "sandboxLog": "{\"errorMessage\": \"Unable to import module 'app': No module named 'logger'\", \"errorType\": \"Runtime.ImportModuleError\", \"requestId\": \"30a0a6db-ad76-42e7-b3ae-31dd45c3d503\", \"stackTrace\": []}",
  "lambdaLog": "{\"errorMessage\": \"Unable to import module 'app': No module named 'logger'\", \"errorType\": \"Runtime.ImportModuleError\", \"requestId\": \"30a0a6db-ad76-42e7-b3ae-31dd45c3d503\", \"stackTrace\": []}",
  "timestamp": 8200
}
{
  "sandboxLog": "{\"errorMessage\": \"Unable to import module 'app': No module named 'logger'\", \"errorType\": \"Runtime.ImportModuleError\", \"requestId\": \"ca061fdb-71fc-4914-b703-9873580a475b\", \"stackTrace\": []}",
  "lambdaLog": "{\"errorMessage\": \"Unable to import module 'app': No module named 'logger'\", \"errorType\": \"Runtime.ImportModuleError\", \"requestId\": \"ca061fdb-71fc-4914-b703-9873580a475b\", \"stackTrace\": []}",
  "timestamp": 8300
}
{
  "sandboxLog": "{\"errorMessage\": \"Unable to import module 'app': No module named 'logger'\", \"errorType\": \"Runtime.ImportModuleError\", \"requestId\": \"a35e90c7-ae89-4b80-9fb5-d4c69ec84b33\", \"stackTrace\": []}",
  "lambdaLog": "{\"errorMessage\": \"Unable to import module 'app': No module named 'logger'\", \"errorType\": \"Runtime.ImportModuleError\", \"requestId\": \"a35e90c7-ae89-4b80-9fb5-d4c69ec84b33\", \"stackTrace\": []}",
  "timestamp": 8400
}
{
  "sandboxLog": "{\"errorMessage\": \"Unable to import module 'app': No module named 'logger'\", \"errorType\": \"Runtime.ImportModuleError\", \"requestId\": \"f6c87bc5-a20c-4e9b-a8ff-1a9c321e0b81\", \"stackTrace\": []}",
  "lambdaLog": "{\"errorMessage\": \"Unable to import module 'app': No module named 'logger'\", \"errorType\": \"Runtime.ImportModuleError\", \"requestId\": \"f6c87bc5-a20c-4e9b-a8ff-1a9c321e0b81\", \"stackTrace\": []}",
  "timestamp": 8500
}
{
  "sandboxLog": "{\"errorMessage\": \"Unable to import module 'app': No module named 'logger'\", \"errorType\": \"Runtime.ImportModuleError\", \"requestId\": \"ae6508a4-36f1-47d3-aed3-f198625e3577\", \"stackTrace\": []}",
  "lambdaLog": "{\"errorMessage\": \"Unable to import module 'app': No module named 'logger'\", \"errorType\": \"Runtime.ImportModuleError\", \"requestId\": \"ae6508a4-36f1-47d3-aed3-f198625e3577\", \"stackTrace\": []}",
  "timestamp": 8600
}
{
  "sandboxLog": "{\"errorMessage\": \"Unable to import module 'app': No module named 'logger'\", \"errorType\": \"Runtime.ImportModuleError\", \"requestId\": \"7a72409d-c995-4b02-824b-6db3bad1ab8a\", \"stackTrace\": []}",
  "lambdaLog": "{\"errorMessage\": \"Unable to import module 'app': No module named 'logger'\", \"errorType\": \"Runtime.ImportModuleError\", \"requestId\": \"7a72409d-c995-4b02-824b-6db3bad1ab8a\", \"stackTrace\": []}",
  "timestamp": 8700
}
{
  "sandboxLog": "{\"errorMessage\": \"Unable to import module 'app': No module named 'logger'\", \"errorType\": \"Runtime.ImportModuleError\", \"requestId\": \"75a987e2-57b3-4c8d-b26c-fbe953e6cf56\", \"stackTrace\": []}",
  "lambdaLog": "{\"errorMessage\": \"Unable to import module 'app': No module named 'logger'\", \"errorType\": \"Runtime.ImportModuleError\", \"requestId\": \"75a987e2-57b3-4c8d-b26c-fbe953e6cf56\", \"stackTrace\": []}",
  "timestamp": 8800
}
{
  "sandboxLog": "{\"errorMessage\": \"Unable to import module 'app': No module named 'logger'\", \"errorType\": \"Runtime.ImportModuleError\", \"requestId\": \"994d2542-8e6e-45bc-a619-5cd42de43181\", \"stackTrace\": []}",
  "lambdaLog": "{\"errorMessage\": \"Unable to import module 'app': No module named 'logger'\", \"errorType\": \"Runtime.ImportModuleError\", \"requestId\": \"994d2542-8e6e-45bc-a619-5cd42de43181\", \"stackTrace\": []}",
  "timestamp": 8900
}
{
  "sandboxLog": "{\"errorMessage\": \"Unable to import module 'app': No module named 'logger'\", \"errorType\": \"Runtime.ImportModuleError\", \"requestId\": \"23bfc6df-e1be-4129-a322-6580a74a8d37\", \"stackTrace\": []}",
  "lambdaLog": "{\"errorMessage\": \"Unable to import module 'app': No module named 'logger'\", \"errorType\": \"Runtime.ImportModuleError\", \"requestId\": \"23bfc6df-e1be-4129-a322-6580a74a8d37\", \"stackTrace\": []}",
  "timestamp": 9000
}
{
  "sandboxLog": "{\"errorMessage\": \"Unable to import module 'app': No module named 'logger'\", \"errorType\": \"Runtime.ImportModuleError\", \"requestId\": \"9310ad71-7563-4b2c-a0c6-87220323b3c6\", \"stackTrace\": []}",
  "lambdaLog": "{\"errorMessage\": \"Unable to import module 'app': No module named 'logger'\", \"errorType\": \"Runtime.ImportModuleError\", \"requestId\": \"9310ad71-7563-4b2c-a0c6-87220323b3c6\", \"stackTrace\": []}",
  "timestamp": 9100
}
{
  "sandboxLog": "{\"errorMessage\": \"Unable to import module 'app': No module named 'logger'\", \"errorType\": \"Runtime.ImportModuleError\", \"requestId\": \"98b552fc-175c-4656-8cd1-a82f2db4c5a7\", \"stackTrace\": []}",
  "lambdaLog": "{\"errorMessage\": \"Unable to import module 'app': No module named 'logger'\", \"errorType\": \"Runtime.ImportModuleError\", \"requestId\": \"98b552fc-175c-4656-8cd1-a82f2db4c5a7\", \"stackTrace\": []}",
  "timestamp": 9200
}
{
  "sandboxLog": "{\"errorMessage\": \"Unable to import module 'app': No module named 'logger'\", \"errorType\": \"Runtime.ImportModuleError\", \"requestId\": \"79044cd3-08fa-451e-875a-11a694af4601\", \"stackTrace\": []}",
  "lambdaLog": "{\"errorMessage\": \"Unable to import module 'app': No module named 'logger'\", \"errorType\": \"Runtime.ImportModuleError\", \"requestId\": \"79044cd3-08fa-451e-875a-11a694af4601\", \"stackTrace\": []}",
  "timestamp": 9300
}
{
  "sandboxLog": "{\"errorMessage\": \"Unable to import module 'app': No module named 'logger'\", \"errorType\": \"Runtime.ImportModuleError\", \"requestId\": \"a5d00f63-57ef-42c5-8c34-9717c9e64e76\", \"stackTrace\": []}",
  "lambdaLog": "{\"errorMessage\": \"Unable to import module 'app': No module named 'logger'\", \"errorType\": \"Runtime.ImportModuleError\", \"requestId\": \"a5d00f63-57ef-42c5-8c34-9717c9e64e76\", \"stackTrace\": []}",
  "timestamp": 9400
}
{
  "sandboxLog": "{\"errorMessage\": \"Unable to import module 'app': No module named 'logger'\", \"errorType\": \"Runtime.ImportModuleError\", \"requestId\": \"e66b1d15-97c6-44e4-94f5-92c118e3f9bd\", \"stackTrace\": []}",
  "lambdaLog": "{\"errorMessage\": \"Unable to import module 'app': No module named 'logger'\", \"errorType\": \"Runtime.ImportModuleError\", \"requestId\": \"e66b1d15-97c6-44e4-94f5-92c118e3f9bd\", \"stackTrace\": []}",
  "timestamp": 9500
}
{
  "sandboxLog": "{\"errorMessage\": \"Unable to import module 'app': No module named 'logger'\", \"errorType\": \"Runtime.ImportModuleError\", \"requestId\": \"9b3d1e0a-7f56-4d64-b244-e243623ea00e\", \"stackTrace\": []}",
  "lambdaLog": "{\"errorMessage\": \"Unable to import module 'app': No module named 'logger'\", \"errorType\": \"Runtime.ImportModuleError\", \"requestId\": \"9b3d1e0a-7f56-4d64-b244-e243623ea00e\", \"stackTrace\": []}",
  "timestamp": 9600
}
{
  "sandboxLog": "{\"errorMessage\": \"Unable to import module 'app': No module named 'logger'\", \"errorType\": \"Runtime.ImportModuleError\", \"requestId\": \"05937147-b815-470a-b606-977f870527b7\", \"stackTrace\": []}",
  "lambdaLog": "{\"errorMessage\": \"Unable to import module 'app': No module named 'logger'\", \"errorType\": \"Runtime.ImportModuleError\", \"requestId\": \"05937147-b815-470a-b606-977f870527b7\", \"stackTrace\": []}",
  "timestamp": 9700
}
{
  "sandboxLog": "{\"errorMessage\": \"Unable to import module 'app': No module named 'logger'\", \"errorType\": \"Runtime.ImportModuleError\", \"requestId\": \"08fa4ad6-22bb-4ecc-8aec-3b2128726499\", \"stackTrace\": []}",
  "lambdaLog": "{\"errorMessage\": \"Unable to import module 'app': No module named 'logger'\", \"errorType\": \"Runtime.ImportModuleError\", \"requestId\": \"08fa4ad6-22bb-4ecc-8aec-3b2128726499\", \"stackTrace\": []}",
  "timestamp": 9800
}
{
  "sandboxLog": "{\"errorMessage\": \"Unable to import module 'app': No module named 'logger'\", \"errorType\": \"Runtime.ImportModuleError\", \"requestId\": \"78a5ad78-1383-4b6d-a152-bca8c31eea12\", \"stackTrace\": []}",
  "lambdaLog": "{\"errorMessage\": \"Unable to import module 'app': No module named 'logger'\", \"errorType\": \"Runtime.ImportModuleError\", \"requestId\": \"78a5ad78-1383-4b6d-a152-bca8c31eea12\", \"stackTrace\": []}",
  "timestamp": 9900
}
{
  "sandboxLog": "{\"errorMessage\": \"Unable to import module 'app': No module named 'logger'\", \"errorType\": \"Runtime.ImportModuleError\", \"requestId\": \"f698551b-6672-4668-a5ac-908412d7dc7b\", \"stackTrace\": []}",
  "lambdaLog": "{\"errorMessage\": \"Unable to import module 'app': No module named 'logger'\", \"errorType\": \"Runtime.ImportModuleError\", \"requestId\": \"f698551b-6672-4668-a5ac-908412d7dc7b\", \"stackTrace\": []}",
  "timestamp": 10000
}
{
  "sandboxLog": "Lambda errors have reached maximum value for submission 4574113a-b526-4d32-ad3f-8cd79eab1b60",
  "lambdaLog": null,
  "timestamp": 278027
}



Activities log:
day;timestamp;product;bid_price_1;bid_volume_1;bid_price_2;bid_volume_2;bid_price_3;bid_volume_3;ask_price_1;ask_volume_1;ask_price_2;ask_volume_2;ask_price_3;ask_volume_3;mid_price;profit_and_loss




Trade History:
null